-------------------------------------
|   TIMESTAMP   |   V   |   TIME    |
-------------------------------------
|	1669145877	|	1	|	0.89	|
-------------------------------------
|	1669145878	|	1	|	0.80	|
-------------------------------------
|	1669145878	|	1	|	0.77	|
-------------------------------------
|	1669145879	|	1	|	0.75	|
-------------------------------------
|	1669145880	|	1	|	0.76	|
-------------------------------------
|	1669145925	|	1	|	0.75	|
-------------------------------------
|	1669145925	|	1	|	0.75	|
-------------------------------------
|	1669145926	|	1	|	0.72	|
-------------------------------------
|	1669145927	|	1	|	1.05	|
-------------------------------------
|	1669145929	|	1	|	1.43	|
-------------------------------------
|	1669146364	|	1	|	0.74	|
-------------------------------------
